2020-37-06 19:37:18 [main] INFO  LoggerTest:11 - Info log PARAMETER
2020-37-06 19:37:18 [main] WARN  LoggerTest:12 - Warn log PARAMETER, PARAMETER
2020-37-06 19:37:18 [main] ERROR LoggerTest:13 - Error log
2020-45-06 19:45:11 [main] INFO  LoggerTest:11 - Info log PARAMETER
2020-45-06 19:45:11 [main] WARN  LoggerTest:12 - Warn log PARAMETER, PARAMETER
2020-45-06 19:45:11 [main] ERROR LoggerTest:13 - Error log
2020-03-06 20:03:36 [main] INFO  LoggerWithLombokTest:13 - Info log with lombok PARAMETER
2020-03-06 20:03:36 [main] WARN  LoggerWithLombokTest:14 - Warn log with lombok PARAMETER, PARAMETER
2020-03-06 20:03:36 [main] ERROR LoggerWithLombokTest:15 - Error log with lombok
2020-04-06 20:04:48 [main] INFO  LoggerWithLombokTest:13 - Info log with lombok PARAMETER
2020-04-06 20:04:48 [main] WARN  LoggerWithLombokTest:14 - Warn log with lombok PARAMETER, PARAMETER
2020-04-06 20:04:48 [main] ERROR LoggerWithLombokTest:15 - Error log with lombok
2020-04-06 20:04:48 [main] DEBUG LoggerWithLombokTest:16 - Debug log with lombok
2020-17-06 21:17:32 [main] INFO  SeleniumDemoTest:22 - Driver initialisation
2020-17-06 21:17:43 [main] INFO  SeleniumDemoTest:25 - Driver was initialized
2020-17-06 21:17:43 [main] INFO  SeleniumDemoTest:27 - Configuring driver
2020-17-06 21:17:48 [main] INFO  SeleniumDemoTest:30 - Driver was configured
2020-18-06 21:18:12 [main] INFO  SeleniumDemoTest:54 - Quiting driver
2020-19-06 21:19:03 [main] INFO  SeleniumDemoTest:22 - Driver initialisation
2020-19-06 21:19:12 [main] INFO  SeleniumDemoTest:25 - Driver was initialized
2020-19-06 21:19:12 [main] INFO  SeleniumDemoTest:27 - Configuring driver
2020-19-06 21:19:16 [main] INFO  SeleniumDemoTest:30 - Driver was configured
2020-19-06 21:19:23 [main] INFO  SeleniumDemoTest:54 - Quiting driver
2020-20-06 21:20:07 [main] INFO  SeleniumDemoTest:22 - Driver initialisation
2020-20-06 21:20:18 [main] INFO  SeleniumDemoTest:25 - Driver was initialized
2020-20-06 21:20:18 [main] INFO  SeleniumDemoTest:27 - Configuring driver
2020-20-06 21:20:22 [main] INFO  SeleniumDemoTest:30 - Driver was configured
2020-20-06 21:20:33 [main] INFO  SeleniumDemoTest:54 - Quiting driver
2020-20-06 21:20:33 [main] INFO  SeleniumDemoTest:56 - Driver was quit
2020-37-06 21:37:56 [main] INFO  SeleniumDemoTest:18 - Driver initialisation
2020-38-06 21:38:09 [main] INFO  SeleniumDemoTest:21 - Driver was initialized
2020-38-06 21:38:09 [main] INFO  SeleniumDemoTest:23 - Configuring driver
2020-38-06 21:38:13 [main] INFO  SeleniumDemoTest:26 - Driver was configured
2020-49-11 19:49:03 [main] INFO  LoggerWithLombokTest:9 - Info log PARAMETER
2020-49-11 19:49:03 [main] WARN  LoggerWithLombokTest:10 - Warn log PARAMETER, PARAMETER
2020-49-11 19:49:03 [main] ERROR LoggerWithLombokTest:11 - Error log
2020-52-13 19:52:42 [main] INFO  SeleniumDemoTest:18 - Driver initialisation
2020-53-13 19:53:02 [main] INFO  SeleniumDemoTest:21 - Driver was initialized
2020-53-13 19:53:02 [main] INFO  SeleniumDemoTest:23 - Configuring driver
2020-53-13 19:53:06 [main] INFO  SeleniumDemoTest:26 - Driver was configured
2020-53-13 19:53:07 [main] INFO  SeleniumDemoTest:33 - Quiting driver
2020-53-13 19:53:09 [main] INFO  SeleniumDemoTest:35 - Driver was quit
2020-57-13 19:57:00 [main] INFO  SeleniumDemoTest:18 - Driver initialisation
2020-57-13 19:57:19 [main] INFO  SeleniumDemoTest:21 - Driver was initialized
2020-57-13 19:57:19 [main] INFO  SeleniumDemoTest:23 - Configuring driver
2020-57-13 19:57:23 [main] INFO  SeleniumDemoTest:26 - Driver was configured
2020-38-13 20:38:17 [main] INFO  SeleniumDemoTest:18 - Driver initialisation
2020-38-13 20:38:31 [main] INFO  SeleniumDemoTest:21 - Driver was initialized
2020-38-13 20:38:31 [main] INFO  SeleniumDemoTest:23 - Configuring driver
2020-38-13 20:38:35 [main] INFO  SeleniumDemoTest:26 - Driver was configured
